<?xml version="1.0" encoding="UTF-8"?>
<!-- Generated by org.testng.reporters.JUnitReportReporter -->
<testsuite skipped="0" hostname="LAPTOP-MPIRELNE" name="runnerFiles.RunTestNGTest" tests="2" failures="0" timestamp="2020-04-16T13:22:19 BRT" time="27.739" errors="0">
  <testcase name="runScenario" time="16.510" classname="runnerFiles.RunTestNGTest"/>
  <system-out/>
  <testcase name="runScenario" time="11.229" classname="runnerFiles.RunTestNGTest"/>
  <system-out/>
</testsuite> <!-- runnerFiles.RunTestNGTest -->
